Analysis & Synthesis report for ALU
Sun Dec 01 13:42:47 2024
Quartus Prime Version 18.1.0 Build 625 09/12/2018 SJ Lite Edition


---------------------
; Table of Contents ;
---------------------
  1. Legal Notice
  2. Analysis & Synthesis Summary
  3. Analysis & Synthesis Settings
  4. Parallel Compilation
  5. Analysis & Synthesis Source Files Read
  6. Analysis & Synthesis Resource Usage Summary
  7. Analysis & Synthesis Resource Utilization by Entity
  8. General Register Statistics
  9. Multiplexer Restructuring Statistics (Restructuring Performed)
 10. Port Connectivity Checks: "mux_8x1_16bit:mux"
 11. Port Connectivity Checks: "Array_Multiplier:multiplier|Full_Adder:FA4_4"
 12. Port Connectivity Checks: "Array_Multiplier:multiplier|Full_Adder:FA4_1"
 13. Port Connectivity Checks: "Array_Multiplier:multiplier|Array_Multiplier_Node:Node3_4"
 14. Port Connectivity Checks: "Array_Multiplier:multiplier|Array_Multiplier_Node:Node2_4"
 15. Port Connectivity Checks: "Array_Multiplier:multiplier|Array_Multiplier_Node:Node1_4"
 16. Port Connectivity Checks: "Array_Multiplier:multiplier|Array_Multiplier_Node:Node1_3"
 17. Port Connectivity Checks: "Array_Multiplier:multiplier|Array_Multiplier_Node:Node1_2"
 18. Port Connectivity Checks: "Array_Multiplier:multiplier|Array_Multiplier_Node:Node1_1"
 19. Port Connectivity Checks: "kogge_stone_adder_subtractor:adder|kogge_stone:kogge|postprocessing:inst8"
 20. Post-Synthesis Netlist Statistics for Top Partition
 21. Elapsed Time Per Partition
 22. Analysis & Synthesis Messages



----------------
; Legal Notice ;
----------------
Copyright (C) 2018  Intel Corporation. All rights reserved.
Your use of Intel Corporation's design tools, logic functions 
and other software and tools, and its AMPP partner logic 
functions, and any output files from any of the foregoing 
(including device programming or simulation files), and any 
associated documentation or information are expressly subject 
to the terms and conditions of the Intel Program License 
Subscription Agreement, the Intel Quartus Prime License Agreement,
the Intel FPGA IP License Agreement, or other applicable license
agreement, including, without limitation, that your use is for
the sole purpose of programming logic devices manufactured by
Intel and sold by Intel or its authorized distributors.  Please
refer to the applicable agreement for further details.



+----------------------------------------------------------------------------------+
; Analysis & Synthesis Summary                                                     ;
+------------------------------------+---------------------------------------------+
; Analysis & Synthesis Status        ; Successful - Sun Dec 01 13:42:47 2024       ;
; Quartus Prime Version              ; 18.1.0 Build 625 09/12/2018 SJ Lite Edition ;
; Revision Name                      ; ALU                                         ;
; Top-level Entity Name              ; ALU                                         ;
; Family                             ; MAX 10                                      ;
; Total logic elements               ; 218                                         ;
;     Total combinational functions  ; 218                                         ;
;     Dedicated logic registers      ; 0                                           ;
; Total registers                    ; 0                                           ;
; Total pins                         ; 53                                          ;
; Total virtual pins                 ; 0                                           ;
; Total memory bits                  ; 0                                           ;
; Embedded Multiplier 9-bit elements ; 0                                           ;
; Total PLLs                         ; 0                                           ;
; UFM blocks                         ; 0                                           ;
; ADC blocks                         ; 0                                           ;
+------------------------------------+---------------------------------------------+


+------------------------------------------------------------------------------------------------------------+
; Analysis & Synthesis Settings                                                                              ;
+------------------------------------------------------------------+--------------------+--------------------+
; Option                                                           ; Setting            ; Default Value      ;
+------------------------------------------------------------------+--------------------+--------------------+
; Device                                                           ; 10M08DAF484C8G     ;                    ;
; Top-level entity name                                            ; ALU                ; ALU                ;
; Family name                                                      ; MAX 10             ; Cyclone V          ;
; Use smart compilation                                            ; Off                ; Off                ;
; Enable parallel Assembler and Timing Analyzer during compilation ; On                 ; On                 ;
; Enable compact report table                                      ; Off                ; Off                ;
; Restructure Multiplexers                                         ; Auto               ; Auto               ;
; Create Debugging Nodes for IP Cores                              ; Off                ; Off                ;
; Preserve fewer node names                                        ; On                 ; On                 ;
; Intel FPGA IP Evaluation Mode                                    ; Enable             ; Enable             ;
; Verilog Version                                                  ; Verilog_2001       ; Verilog_2001       ;
; VHDL Version                                                     ; VHDL_1993          ; VHDL_1993          ;
; State Machine Processing                                         ; Auto               ; Auto               ;
; Safe State Machine                                               ; Off                ; Off                ;
; Extract Verilog State Machines                                   ; On                 ; On                 ;
; Extract VHDL State Machines                                      ; On                 ; On                 ;
; Ignore Verilog initial constructs                                ; Off                ; Off                ;
; Iteration limit for constant Verilog loops                       ; 5000               ; 5000               ;
; Iteration limit for non-constant Verilog loops                   ; 250                ; 250                ;
; Add Pass-Through Logic to Inferred RAMs                          ; On                 ; On                 ;
; Infer RAMs from Raw Logic                                        ; On                 ; On                 ;
; Parallel Synthesis                                               ; On                 ; On                 ;
; DSP Block Balancing                                              ; Auto               ; Auto               ;
; NOT Gate Push-Back                                               ; On                 ; On                 ;
; Power-Up Don't Care                                              ; On                 ; On                 ;
; Remove Redundant Logic Cells                                     ; Off                ; Off                ;
; Remove Duplicate Registers                                       ; On                 ; On                 ;
; Ignore CARRY Buffers                                             ; Off                ; Off                ;
; Ignore CASCADE Buffers                                           ; Off                ; Off                ;
; Ignore GLOBAL Buffers                                            ; Off                ; Off                ;
; Ignore ROW GLOBAL Buffers                                        ; Off                ; Off                ;
; Ignore LCELL Buffers                                             ; Off                ; Off                ;
; Ignore SOFT Buffers                                              ; On                 ; On                 ;
; Limit AHDL Integers to 32 Bits                                   ; Off                ; Off                ;
; Optimization Technique                                           ; Balanced           ; Balanced           ;
; Carry Chain Length                                               ; 70                 ; 70                 ;
; Auto Carry Chains                                                ; On                 ; On                 ;
; Auto Open-Drain Pins                                             ; On                 ; On                 ;
; Perform WYSIWYG Primitive Resynthesis                            ; Off                ; Off                ;
; Auto ROM Replacement                                             ; On                 ; On                 ;
; Auto RAM Replacement                                             ; On                 ; On                 ;
; Auto DSP Block Replacement                                       ; On                 ; On                 ;
; Auto Shift Register Replacement                                  ; Auto               ; Auto               ;
; Allow Shift Register Merging across Hierarchies                  ; Auto               ; Auto               ;
; Auto Clock Enable Replacement                                    ; On                 ; On                 ;
; Strict RAM Replacement                                           ; Off                ; Off                ;
; Allow Synchronous Control Signals                                ; On                 ; On                 ;
; Force Use of Synchronous Clear Signals                           ; Off                ; Off                ;
; Auto RAM Block Balancing                                         ; On                 ; On                 ;
; Auto RAM to Logic Cell Conversion                                ; Off                ; Off                ;
; Auto Resource Sharing                                            ; Off                ; Off                ;
; Allow Any RAM Size For Recognition                               ; Off                ; Off                ;
; Allow Any ROM Size For Recognition                               ; Off                ; Off                ;
; Allow Any Shift Register Size For Recognition                    ; Off                ; Off                ;
; Use LogicLock Constraints during Resource Balancing              ; On                 ; On                 ;
; Ignore translate_off and synthesis_off directives                ; Off                ; Off                ;
; Timing-Driven Synthesis                                          ; On                 ; On                 ;
; Report Parameter Settings                                        ; On                 ; On                 ;
; Report Source Assignments                                        ; On                 ; On                 ;
; Report Connectivity Checks                                       ; On                 ; On                 ;
; Ignore Maximum Fan-Out Assignments                               ; Off                ; Off                ;
; Synchronization Register Chain Length                            ; 2                  ; 2                  ;
; Power Optimization During Synthesis                              ; Normal compilation ; Normal compilation ;
; HDL message level                                                ; Level2             ; Level2             ;
; Suppress Register Optimization Related Messages                  ; Off                ; Off                ;
; Number of Removed Registers Reported in Synthesis Report         ; 5000               ; 5000               ;
; Number of Swept Nodes Reported in Synthesis Report               ; 5000               ; 5000               ;
; Number of Inverted Registers Reported in Synthesis Report        ; 100                ; 100                ;
; Clock MUX Protection                                             ; On                 ; On                 ;
; Auto Gated Clock Conversion                                      ; Off                ; Off                ;
; Block Design Naming                                              ; Auto               ; Auto               ;
; SDC constraint protection                                        ; Off                ; Off                ;
; Synthesis Effort                                                 ; Auto               ; Auto               ;
; Shift Register Replacement - Allow Asynchronous Clear Signal     ; On                 ; On                 ;
; Pre-Mapping Resynthesis Optimization                             ; Off                ; Off                ;
; Analysis & Synthesis Message Level                               ; Medium             ; Medium             ;
; Disable Register Merging Across Hierarchies                      ; Auto               ; Auto               ;
; Resource Aware Inference For Block RAM                           ; On                 ; On                 ;
+------------------------------------------------------------------+--------------------+--------------------+


+------------------------------------------+
; Parallel Compilation                     ;
+----------------------------+-------------+
; Processors                 ; Number      ;
+----------------------------+-------------+
; Number detected on machine ; 16          ;
; Maximum allowed            ; 10          ;
;                            ;             ;
; Average used               ; 1.00        ;
; Maximum used               ; 1           ;
;                            ;             ;
; Usage by Processor         ; % Time Used ;
;     Processor 1            ; 100.0%      ;
+----------------------------+-------------+


+--------------------------------------------------------------------------------------------------------------------------------------------------------------------+
; Analysis & Synthesis Source Files Read                                                                                                                             ;
+----------------------------------+-----------------+-----------------+-----------------------------------------------------------------------------------+---------+
; File Name with User-Entered Path ; Used in Netlist ; File Type       ; File Name with Absolute Path                                                      ; Library ;
+----------------------------------+-----------------+-----------------+-----------------------------------------------------------------------------------+---------+
; 8_X_1_Mux_16_Bit.vhd             ; yes             ; User VHDL File  ; E:/Semester_3/Digital Systems/Project_Part_B/ALU/8_X_1_Mux_16_Bit.vhd             ;         ;
; preprocessing.vhd                ; yes             ; User VHDL File  ; E:/Semester_3/Digital Systems/Project_Part_B/ALU/preprocessing.vhd                ;         ;
; postprocessing.vhd               ; yes             ; User VHDL File  ; E:/Semester_3/Digital Systems/Project_Part_B/ALU/postprocessing.vhd               ;         ;
; Or_16.vhd                        ; yes             ; User VHDL File  ; E:/Semester_3/Digital Systems/Project_Part_B/ALU/Or_16.vhd                        ;         ;
; kogge_stone_node.vhd             ; yes             ; User VHDL File  ; E:/Semester_3/Digital Systems/Project_Part_B/ALU/kogge_stone_node.vhd             ;         ;
; Kogge_stone_adder_subtractor.vhd ; yes             ; User VHDL File  ; E:/Semester_3/Digital Systems/Project_Part_B/ALU/Kogge_stone_adder_subtractor.vhd ;         ;
; kogge_stone.vhd                  ; yes             ; User VHDL File  ; E:/Semester_3/Digital Systems/Project_Part_B/ALU/kogge_stone.vhd                  ;         ;
; Imp_16.vhd                       ; yes             ; User VHDL File  ; E:/Semester_3/Digital Systems/Project_Part_B/ALU/Imp_16.vhd                       ;         ;
; Full_Adder.vhd                   ; yes             ; User VHDL File  ; E:/Semester_3/Digital Systems/Project_Part_B/ALU/Full_Adder.vhd                   ;         ;
; Array_Multiplier_Node.vhd        ; yes             ; User VHDL File  ; E:/Semester_3/Digital Systems/Project_Part_B/ALU/Array_Multiplier_Node.vhd        ;         ;
; Array_Multiplier.vhd             ; yes             ; User VHDL File  ; E:/Semester_3/Digital Systems/Project_Part_B/ALU/Array_Multiplier.vhd             ;         ;
; And_16.vhd                       ; yes             ; User VHDL File  ; E:/Semester_3/Digital Systems/Project_Part_B/ALU/And_16.vhd                       ;         ;
; ALU.vhd                          ; yes             ; User VHDL File  ; E:/Semester_3/Digital Systems/Project_Part_B/ALU/ALU.vhd                          ;         ;
+----------------------------------+-----------------+-----------------+-----------------------------------------------------------------------------------+---------+


+--------------------------------------------------------+
; Analysis & Synthesis Resource Usage Summary            ;
+---------------------------------------------+----------+
; Resource                                    ; Usage    ;
+---------------------------------------------+----------+
; Estimated Total logic elements              ; 218      ;
;                                             ;          ;
; Total combinational functions               ; 218      ;
; Logic element usage by number of LUT inputs ;          ;
;     -- 4 input functions                    ; 170      ;
;     -- 3 input functions                    ; 18       ;
;     -- <=2 input functions                  ; 30       ;
;                                             ;          ;
; Logic elements by mode                      ;          ;
;     -- normal mode                          ; 218      ;
;     -- arithmetic mode                      ; 0        ;
;                                             ;          ;
; Total registers                             ; 0        ;
;     -- Dedicated logic registers            ; 0        ;
;     -- I/O registers                        ; 0        ;
;                                             ;          ;
; I/O pins                                    ; 53       ;
;                                             ;          ;
; Embedded Multiplier 9-bit elements          ; 0        ;
;                                             ;          ;
; Maximum fan-out node                        ; s1~input ;
; Maximum fan-out                             ; 24       ;
; Total fan-out                               ; 865      ;
; Average fan-out                             ; 2.67     ;
+---------------------------------------------+----------+


+-----------------------------------------------------------------------------------------------------------------------------------------------------------------------------------------------------------------------------------------------------------------------------------------------------------------------------------------------+
; Analysis & Synthesis Resource Utilization by Entity                                                                                                                                                                                                                                                                                           ;
+----------------------------------------------+---------------------+---------------------------+-------------+------------+--------------+---------+-----------+------+--------------+------------+---------------------------------------------------------------------------------------------+------------------------------+--------------+
; Compilation Hierarchy Node                   ; Combinational ALUTs ; Dedicated Logic Registers ; Memory Bits ; UFM Blocks ; DSP Elements ; DSP 9x9 ; DSP 18x18 ; Pins ; Virtual Pins ; ADC blocks ; Full Hierarchy Name                                                                         ; Entity Name                  ; Library Name ;
+----------------------------------------------+---------------------+---------------------------+-------------+------------+--------------+---------+-----------+------+--------------+------------+---------------------------------------------------------------------------------------------+------------------------------+--------------+
; |ALU                                         ; 218 (6)             ; 0 (0)                     ; 0           ; 0          ; 0            ; 0       ; 0         ; 53   ; 0            ; 0          ; |ALU                                                                                        ; ALU                          ; work         ;
;    |Array_Multiplier:multiplier|             ; 26 (0)              ; 0 (0)                     ; 0           ; 0          ; 0            ; 0       ; 0         ; 0    ; 0            ; 0          ; |ALU|Array_Multiplier:multiplier                                                            ; Array_Multiplier             ; work         ;
;       |Array_Multiplier_Node:Node1_1|        ; 2 (0)               ; 0 (0)                     ; 0           ; 0          ; 0            ; 0       ; 0         ; 0    ; 0            ; 0          ; |ALU|Array_Multiplier:multiplier|Array_Multiplier_Node:Node1_1                              ; Array_Multiplier_Node        ; work         ;
;          |Full_Adder:instFA|                 ; 2 (2)               ; 0 (0)                     ; 0           ; 0          ; 0            ; 0       ; 0         ; 0    ; 0            ; 0          ; |ALU|Array_Multiplier:multiplier|Array_Multiplier_Node:Node1_1|Full_Adder:instFA            ; Full_Adder                   ; work         ;
;       |Array_Multiplier_Node:Node1_2|        ; 2 (0)               ; 0 (0)                     ; 0           ; 0          ; 0            ; 0       ; 0         ; 0    ; 0            ; 0          ; |ALU|Array_Multiplier:multiplier|Array_Multiplier_Node:Node1_2                              ; Array_Multiplier_Node        ; work         ;
;          |Full_Adder:instFA|                 ; 2 (2)               ; 0 (0)                     ; 0           ; 0          ; 0            ; 0       ; 0         ; 0    ; 0            ; 0          ; |ALU|Array_Multiplier:multiplier|Array_Multiplier_Node:Node1_2|Full_Adder:instFA            ; Full_Adder                   ; work         ;
;       |Array_Multiplier_Node:Node1_3|        ; 2 (0)               ; 0 (0)                     ; 0           ; 0          ; 0            ; 0       ; 0         ; 0    ; 0            ; 0          ; |ALU|Array_Multiplier:multiplier|Array_Multiplier_Node:Node1_3                              ; Array_Multiplier_Node        ; work         ;
;          |Full_Adder:instFA|                 ; 2 (2)               ; 0 (0)                     ; 0           ; 0          ; 0            ; 0       ; 0         ; 0    ; 0            ; 0          ; |ALU|Array_Multiplier:multiplier|Array_Multiplier_Node:Node1_3|Full_Adder:instFA            ; Full_Adder                   ; work         ;
;       |Array_Multiplier_Node:Node1_4|        ; 1 (1)               ; 0 (0)                     ; 0           ; 0          ; 0            ; 0       ; 0         ; 0    ; 0            ; 0          ; |ALU|Array_Multiplier:multiplier|Array_Multiplier_Node:Node1_4                              ; Array_Multiplier_Node        ; work         ;
;       |Array_Multiplier_Node:Node2_1|        ; 2 (0)               ; 0 (0)                     ; 0           ; 0          ; 0            ; 0       ; 0         ; 0    ; 0            ; 0          ; |ALU|Array_Multiplier:multiplier|Array_Multiplier_Node:Node2_1                              ; Array_Multiplier_Node        ; work         ;
;          |Full_Adder:instFA|                 ; 2 (2)               ; 0 (0)                     ; 0           ; 0          ; 0            ; 0       ; 0         ; 0    ; 0            ; 0          ; |ALU|Array_Multiplier:multiplier|Array_Multiplier_Node:Node2_1|Full_Adder:instFA            ; Full_Adder                   ; work         ;
;       |Array_Multiplier_Node:Node2_2|        ; 2 (0)               ; 0 (0)                     ; 0           ; 0          ; 0            ; 0       ; 0         ; 0    ; 0            ; 0          ; |ALU|Array_Multiplier:multiplier|Array_Multiplier_Node:Node2_2                              ; Array_Multiplier_Node        ; work         ;
;          |Full_Adder:instFA|                 ; 2 (2)               ; 0 (0)                     ; 0           ; 0          ; 0            ; 0       ; 0         ; 0    ; 0            ; 0          ; |ALU|Array_Multiplier:multiplier|Array_Multiplier_Node:Node2_2|Full_Adder:instFA            ; Full_Adder                   ; work         ;
;       |Array_Multiplier_Node:Node2_3|        ; 2 (0)               ; 0 (0)                     ; 0           ; 0          ; 0            ; 0       ; 0         ; 0    ; 0            ; 0          ; |ALU|Array_Multiplier:multiplier|Array_Multiplier_Node:Node2_3                              ; Array_Multiplier_Node        ; work         ;
;          |Full_Adder:instFA|                 ; 2 (2)               ; 0 (0)                     ; 0           ; 0          ; 0            ; 0       ; 0         ; 0    ; 0            ; 0          ; |ALU|Array_Multiplier:multiplier|Array_Multiplier_Node:Node2_3|Full_Adder:instFA            ; Full_Adder                   ; work         ;
;       |Array_Multiplier_Node:Node2_4|        ; 1 (1)               ; 0 (0)                     ; 0           ; 0          ; 0            ; 0       ; 0         ; 0    ; 0            ; 0          ; |ALU|Array_Multiplier:multiplier|Array_Multiplier_Node:Node2_4                              ; Array_Multiplier_Node        ; work         ;
;       |Array_Multiplier_Node:Node3_1|        ; 2 (0)               ; 0 (0)                     ; 0           ; 0          ; 0            ; 0       ; 0         ; 0    ; 0            ; 0          ; |ALU|Array_Multiplier:multiplier|Array_Multiplier_Node:Node3_1                              ; Array_Multiplier_Node        ; work         ;
;          |Full_Adder:instFA|                 ; 2 (2)               ; 0 (0)                     ; 0           ; 0          ; 0            ; 0       ; 0         ; 0    ; 0            ; 0          ; |ALU|Array_Multiplier:multiplier|Array_Multiplier_Node:Node3_1|Full_Adder:instFA            ; Full_Adder                   ; work         ;
;       |Array_Multiplier_Node:Node3_2|        ; 2 (0)               ; 0 (0)                     ; 0           ; 0          ; 0            ; 0       ; 0         ; 0    ; 0            ; 0          ; |ALU|Array_Multiplier:multiplier|Array_Multiplier_Node:Node3_2                              ; Array_Multiplier_Node        ; work         ;
;          |Full_Adder:instFA|                 ; 2 (2)               ; 0 (0)                     ; 0           ; 0          ; 0            ; 0       ; 0         ; 0    ; 0            ; 0          ; |ALU|Array_Multiplier:multiplier|Array_Multiplier_Node:Node3_2|Full_Adder:instFA            ; Full_Adder                   ; work         ;
;       |Array_Multiplier_Node:Node3_3|        ; 2 (0)               ; 0 (0)                     ; 0           ; 0          ; 0            ; 0       ; 0         ; 0    ; 0            ; 0          ; |ALU|Array_Multiplier:multiplier|Array_Multiplier_Node:Node3_3                              ; Array_Multiplier_Node        ; work         ;
;          |Full_Adder:instFA|                 ; 2 (2)               ; 0 (0)                     ; 0           ; 0          ; 0            ; 0       ; 0         ; 0    ; 0            ; 0          ; |ALU|Array_Multiplier:multiplier|Array_Multiplier_Node:Node3_3|Full_Adder:instFA            ; Full_Adder                   ; work         ;
;       |Full_Adder:FA4_1|                     ; 2 (2)               ; 0 (0)                     ; 0           ; 0          ; 0            ; 0       ; 0         ; 0    ; 0            ; 0          ; |ALU|Array_Multiplier:multiplier|Full_Adder:FA4_1                                           ; Full_Adder                   ; work         ;
;       |Full_Adder:FA4_2|                     ; 2 (2)               ; 0 (0)                     ; 0           ; 0          ; 0            ; 0       ; 0         ; 0    ; 0            ; 0          ; |ALU|Array_Multiplier:multiplier|Full_Adder:FA4_2                                           ; Full_Adder                   ; work         ;
;       |Full_Adder:FA4_3|                     ; 2 (2)               ; 0 (0)                     ; 0           ; 0          ; 0            ; 0       ; 0         ; 0    ; 0            ; 0          ; |ALU|Array_Multiplier:multiplier|Full_Adder:FA4_3                                           ; Full_Adder                   ; work         ;
;    |IMP_16:imp16|                            ; 15 (15)             ; 0 (0)                     ; 0           ; 0          ; 0            ; 0       ; 0         ; 0    ; 0            ; 0          ; |ALU|IMP_16:imp16                                                                           ; IMP_16                       ; work         ;
;    |kogge_stone_adder_subtractor:adder|      ; 115 (16)            ; 0 (0)                     ; 0           ; 0          ; 0            ; 0       ; 0         ; 0    ; 0            ; 0          ; |ALU|kogge_stone_adder_subtractor:adder                                                     ; kogge_stone_adder_subtractor ; work         ;
;       |kogge_stone:kogge|                    ; 99 (0)              ; 0 (0)                     ; 0           ; 0          ; 0            ; 0       ; 0         ; 0    ; 0            ; 0          ; |ALU|kogge_stone_adder_subtractor:adder|kogge_stone:kogge                                   ; kogge_stone                  ; work         ;
;          |kogge_stone_node:\inst4:10:inst4a| ; 2 (2)               ; 0 (0)                     ; 0           ; 0          ; 0            ; 0       ; 0         ; 0    ; 0            ; 0          ; |ALU|kogge_stone_adder_subtractor:adder|kogge_stone:kogge|kogge_stone_node:\inst4:10:inst4a ; kogge_stone_node             ; work         ;
;          |kogge_stone_node:\inst4:11:inst4a| ; 2 (2)               ; 0 (0)                     ; 0           ; 0          ; 0            ; 0       ; 0         ; 0    ; 0            ; 0          ; |ALU|kogge_stone_adder_subtractor:adder|kogge_stone:kogge|kogge_stone_node:\inst4:11:inst4a ; kogge_stone_node             ; work         ;
;          |kogge_stone_node:\inst4:12:inst4a| ; 2 (2)               ; 0 (0)                     ; 0           ; 0          ; 0            ; 0       ; 0         ; 0    ; 0            ; 0          ; |ALU|kogge_stone_adder_subtractor:adder|kogge_stone:kogge|kogge_stone_node:\inst4:12:inst4a ; kogge_stone_node             ; work         ;
;          |kogge_stone_node:\inst4:13:inst4a| ; 2 (2)               ; 0 (0)                     ; 0           ; 0          ; 0            ; 0       ; 0         ; 0    ; 0            ; 0          ; |ALU|kogge_stone_adder_subtractor:adder|kogge_stone:kogge|kogge_stone_node:\inst4:13:inst4a ; kogge_stone_node             ; work         ;
;          |kogge_stone_node:\inst4:1:inst4a|  ; 1 (1)               ; 0 (0)                     ; 0           ; 0          ; 0            ; 0       ; 0         ; 0    ; 0            ; 0          ; |ALU|kogge_stone_adder_subtractor:adder|kogge_stone:kogge|kogge_stone_node:\inst4:1:inst4a  ; kogge_stone_node             ; work         ;
;          |kogge_stone_node:\inst4:2:inst4a|  ; 1 (1)               ; 0 (0)                     ; 0           ; 0          ; 0            ; 0       ; 0         ; 0    ; 0            ; 0          ; |ALU|kogge_stone_adder_subtractor:adder|kogge_stone:kogge|kogge_stone_node:\inst4:2:inst4a  ; kogge_stone_node             ; work         ;
;          |kogge_stone_node:\inst4:3:inst4a|  ; 1 (1)               ; 0 (0)                     ; 0           ; 0          ; 0            ; 0       ; 0         ; 0    ; 0            ; 0          ; |ALU|kogge_stone_adder_subtractor:adder|kogge_stone:kogge|kogge_stone_node:\inst4:3:inst4a  ; kogge_stone_node             ; work         ;
;          |kogge_stone_node:\inst4:4:inst4a|  ; 1 (1)               ; 0 (0)                     ; 0           ; 0          ; 0            ; 0       ; 0         ; 0    ; 0            ; 0          ; |ALU|kogge_stone_adder_subtractor:adder|kogge_stone:kogge|kogge_stone_node:\inst4:4:inst4a  ; kogge_stone_node             ; work         ;
;          |kogge_stone_node:\inst4:5:inst4a|  ; 1 (1)               ; 0 (0)                     ; 0           ; 0          ; 0            ; 0       ; 0         ; 0    ; 0            ; 0          ; |ALU|kogge_stone_adder_subtractor:adder|kogge_stone:kogge|kogge_stone_node:\inst4:5:inst4a  ; kogge_stone_node             ; work         ;
;          |kogge_stone_node:\inst4:6:inst4a|  ; 1 (1)               ; 0 (0)                     ; 0           ; 0          ; 0            ; 0       ; 0         ; 0    ; 0            ; 0          ; |ALU|kogge_stone_adder_subtractor:adder|kogge_stone:kogge|kogge_stone_node:\inst4:6:inst4a  ; kogge_stone_node             ; work         ;
;          |kogge_stone_node:\inst4:7:inst4a|  ; 1 (1)               ; 0 (0)                     ; 0           ; 0          ; 0            ; 0       ; 0         ; 0    ; 0            ; 0          ; |ALU|kogge_stone_adder_subtractor:adder|kogge_stone:kogge|kogge_stone_node:\inst4:7:inst4a  ; kogge_stone_node             ; work         ;
;          |kogge_stone_node:\inst4:8:inst4a|  ; 1 (1)               ; 0 (0)                     ; 0           ; 0          ; 0            ; 0       ; 0         ; 0    ; 0            ; 0          ; |ALU|kogge_stone_adder_subtractor:adder|kogge_stone:kogge|kogge_stone_node:\inst4:8:inst4a  ; kogge_stone_node             ; work         ;
;          |kogge_stone_node:\inst4:9:inst4a|  ; 1 (1)               ; 0 (0)                     ; 0           ; 0          ; 0            ; 0       ; 0         ; 0    ; 0            ; 0          ; |ALU|kogge_stone_adder_subtractor:adder|kogge_stone:kogge|kogge_stone_node:\inst4:9:inst4a  ; kogge_stone_node             ; work         ;
;          |kogge_stone_node:\inst5:10:inst5a| ; 3 (3)               ; 0 (0)                     ; 0           ; 0          ; 0            ; 0       ; 0         ; 0    ; 0            ; 0          ; |ALU|kogge_stone_adder_subtractor:adder|kogge_stone:kogge|kogge_stone_node:\inst5:10:inst5a ; kogge_stone_node             ; work         ;
;          |kogge_stone_node:\inst5:11:inst5a| ; 3 (3)               ; 0 (0)                     ; 0           ; 0          ; 0            ; 0       ; 0         ; 0    ; 0            ; 0          ; |ALU|kogge_stone_adder_subtractor:adder|kogge_stone:kogge|kogge_stone_node:\inst5:11:inst5a ; kogge_stone_node             ; work         ;
;          |kogge_stone_node:\inst5:4:inst5a|  ; 3 (3)               ; 0 (0)                     ; 0           ; 0          ; 0            ; 0       ; 0         ; 0    ; 0            ; 0          ; |ALU|kogge_stone_adder_subtractor:adder|kogge_stone:kogge|kogge_stone_node:\inst5:4:inst5a  ; kogge_stone_node             ; work         ;
;          |kogge_stone_node:\inst5:5:inst5a|  ; 1 (1)               ; 0 (0)                     ; 0           ; 0          ; 0            ; 0       ; 0         ; 0    ; 0            ; 0          ; |ALU|kogge_stone_adder_subtractor:adder|kogge_stone:kogge|kogge_stone_node:\inst5:5:inst5a  ; kogge_stone_node             ; work         ;
;          |kogge_stone_node:\inst5:6:inst5a|  ; 2 (2)               ; 0 (0)                     ; 0           ; 0          ; 0            ; 0       ; 0         ; 0    ; 0            ; 0          ; |ALU|kogge_stone_adder_subtractor:adder|kogge_stone:kogge|kogge_stone_node:\inst5:6:inst5a  ; kogge_stone_node             ; work         ;
;          |kogge_stone_node:\inst5:7:inst5a|  ; 2 (2)               ; 0 (0)                     ; 0           ; 0          ; 0            ; 0       ; 0         ; 0    ; 0            ; 0          ; |ALU|kogge_stone_adder_subtractor:adder|kogge_stone:kogge|kogge_stone_node:\inst5:7:inst5a  ; kogge_stone_node             ; work         ;
;          |kogge_stone_node:\inst5:8:inst5a|  ; 1 (1)               ; 0 (0)                     ; 0           ; 0          ; 0            ; 0       ; 0         ; 0    ; 0            ; 0          ; |ALU|kogge_stone_adder_subtractor:adder|kogge_stone:kogge|kogge_stone_node:\inst5:8:inst5a  ; kogge_stone_node             ; work         ;
;          |kogge_stone_node:\inst6:4:inst6a|  ; 1 (1)               ; 0 (0)                     ; 0           ; 0          ; 0            ; 0       ; 0         ; 0    ; 0            ; 0          ; |ALU|kogge_stone_adder_subtractor:adder|kogge_stone:kogge|kogge_stone_node:\inst6:4:inst6a  ; kogge_stone_node             ; work         ;
;          |kogge_stone_node:\inst6:5:inst6a|  ; 1 (1)               ; 0 (0)                     ; 0           ; 0          ; 0            ; 0       ; 0         ; 0    ; 0            ; 0          ; |ALU|kogge_stone_adder_subtractor:adder|kogge_stone:kogge|kogge_stone_node:\inst6:5:inst6a  ; kogge_stone_node             ; work         ;
;          |kogge_stone_node:\inst6:6:inst6a|  ; 1 (1)               ; 0 (0)                     ; 0           ; 0          ; 0            ; 0       ; 0         ; 0    ; 0            ; 0          ; |ALU|kogge_stone_adder_subtractor:adder|kogge_stone:kogge|kogge_stone_node:\inst6:6:inst6a  ; kogge_stone_node             ; work         ;
;          |kogge_stone_node:\inst6:7:inst6a|  ; 2 (2)               ; 0 (0)                     ; 0           ; 0          ; 0            ; 0       ; 0         ; 0    ; 0            ; 0          ; |ALU|kogge_stone_adder_subtractor:adder|kogge_stone:kogge|kogge_stone_node:\inst6:7:inst6a  ; kogge_stone_node             ; work         ;
;          |postprocessing:inst8|              ; 58 (58)             ; 0 (0)                     ; 0           ; 0          ; 0            ; 0       ; 0         ; 0    ; 0            ; 0          ; |ALU|kogge_stone_adder_subtractor:adder|kogge_stone:kogge|postprocessing:inst8              ; postprocessing               ; work         ;
;          |preprocessing:inst1|               ; 4 (4)               ; 0 (0)                     ; 0           ; 0          ; 0            ; 0       ; 0         ; 0    ; 0            ; 0          ; |ALU|kogge_stone_adder_subtractor:adder|kogge_stone:kogge|preprocessing:inst1               ; preprocessing                ; work         ;
;    |mux_8x1_16bit:mux|                       ; 56 (56)             ; 0 (0)                     ; 0           ; 0          ; 0            ; 0       ; 0         ; 0    ; 0            ; 0          ; |ALU|mux_8x1_16bit:mux                                                                      ; mux_8x1_16bit                ; work         ;
+----------------------------------------------+---------------------+---------------------------+-------------+------------+--------------+---------+-----------+------+--------------+------------+---------------------------------------------------------------------------------------------+------------------------------+--------------+
Note: For table entries with two numbers listed, the numbers in parentheses indicate the number of resources of the given type used by the specific entity alone. The numbers listed outside of parentheses indicate the total resources of the given type used by the specific entity and all of its sub-entities in the hierarchy.


+------------------------------------------------------+
; General Register Statistics                          ;
+----------------------------------------------+-------+
; Statistic                                    ; Value ;
+----------------------------------------------+-------+
; Total registers                              ; 0     ;
; Number of registers using Synchronous Clear  ; 0     ;
; Number of registers using Synchronous Load   ; 0     ;
; Number of registers using Asynchronous Clear ; 0     ;
; Number of registers using Asynchronous Load  ; 0     ;
; Number of registers using Clock Enable       ; 0     ;
; Number of registers using Preset             ; 0     ;
+----------------------------------------------+-------+


+--------------------------------------------------------------------------------------------------------------------------------------------+
; Multiplexer Restructuring Statistics (Restructuring Performed)                                                                             ;
+--------------------+-----------+---------------+----------------------+------------------------+------------+------------------------------+
; Multiplexer Inputs ; Bus Width ; Baseline Area ; Area if Restructured ; Saving if Restructured ; Registered ; Example Multiplexer Output   ;
+--------------------+-----------+---------------+----------------------+------------------------+------------+------------------------------+
; 8:1                ; 8 bits    ; 40 LEs        ; 24 LEs               ; 16 LEs                 ; No         ; |ALU|mux_8x1_16bit:mux|Mux7  ;
; 8:1                ; 7 bits    ; 35 LEs        ; 21 LEs               ; 14 LEs                 ; No         ; |ALU|mux_8x1_16bit:mux|Mux14 ;
+--------------------+-----------+---------------+----------------------+------------------------+------------+------------------------------+


+-----------------------------------------------+
; Port Connectivity Checks: "mux_8x1_16bit:mux" ;
+-----------+-------+----------+----------------+
; Port      ; Type  ; Severity ; Details        ;
+-----------+-------+----------+----------------+
; i7        ; Input ; Info     ; Stuck at GND   ;
; i3[15..8] ; Input ; Info     ; Stuck at GND   ;
+-----------+-------+----------+----------------+


+----------------------------------------------------------------------------------------------------------------+
; Port Connectivity Checks: "Array_Multiplier:multiplier|Full_Adder:FA4_4"                                       ;
+------+--------+----------+-------------------------------------------------------------------------------------+
; Port ; Type   ; Severity ; Details                                                                             ;
+------+--------+----------+-------------------------------------------------------------------------------------+
; b    ; Input  ; Info     ; Stuck at GND                                                                        ;
; cout ; Output ; Info     ; Connected to dangling logic. Logic that only feeds a dangling port will be removed. ;
+------+--------+----------+-------------------------------------------------------------------------------------+


+--------------------------------------------------------------------------+
; Port Connectivity Checks: "Array_Multiplier:multiplier|Full_Adder:FA4_1" ;
+------+-------+----------+------------------------------------------------+
; Port ; Type  ; Severity ; Details                                        ;
+------+-------+----------+------------------------------------------------+
; c    ; Input ; Info     ; Stuck at GND                                   ;
+------+-------+----------+------------------------------------------------+


+---------------------------------------------------------------------------------------+
; Port Connectivity Checks: "Array_Multiplier:multiplier|Array_Multiplier_Node:Node3_4" ;
+------+-------+----------+-------------------------------------------------------------+
; Port ; Type  ; Severity ; Details                                                     ;
+------+-------+----------+-------------------------------------------------------------+
; ppk  ; Input ; Info     ; Stuck at GND                                                ;
+------+-------+----------+-------------------------------------------------------------+


+---------------------------------------------------------------------------------------+
; Port Connectivity Checks: "Array_Multiplier:multiplier|Array_Multiplier_Node:Node2_4" ;
+------+-------+----------+-------------------------------------------------------------+
; Port ; Type  ; Severity ; Details                                                     ;
+------+-------+----------+-------------------------------------------------------------+
; ppk  ; Input ; Info     ; Stuck at GND                                                ;
+------+-------+----------+-------------------------------------------------------------+


+---------------------------------------------------------------------------------------+
; Port Connectivity Checks: "Array_Multiplier:multiplier|Array_Multiplier_Node:Node1_4" ;
+------+-------+----------+-------------------------------------------------------------+
; Port ; Type  ; Severity ; Details                                                     ;
+------+-------+----------+-------------------------------------------------------------+
; ppk  ; Input ; Info     ; Stuck at GND                                                ;
; ci   ; Input ; Info     ; Stuck at GND                                                ;
+------+-------+----------+-------------------------------------------------------------+


+---------------------------------------------------------------------------------------+
; Port Connectivity Checks: "Array_Multiplier:multiplier|Array_Multiplier_Node:Node1_3" ;
+------+-------+----------+-------------------------------------------------------------+
; Port ; Type  ; Severity ; Details                                                     ;
+------+-------+----------+-------------------------------------------------------------+
; ci   ; Input ; Info     ; Stuck at GND                                                ;
+------+-------+----------+-------------------------------------------------------------+


+---------------------------------------------------------------------------------------+
; Port Connectivity Checks: "Array_Multiplier:multiplier|Array_Multiplier_Node:Node1_2" ;
+------+-------+----------+-------------------------------------------------------------+
; Port ; Type  ; Severity ; Details                                                     ;
+------+-------+----------+-------------------------------------------------------------+
; ci   ; Input ; Info     ; Stuck at GND                                                ;
+------+-------+----------+-------------------------------------------------------------+


+---------------------------------------------------------------------------------------+
; Port Connectivity Checks: "Array_Multiplier:multiplier|Array_Multiplier_Node:Node1_1" ;
+------+-------+----------+-------------------------------------------------------------+
; Port ; Type  ; Severity ; Details                                                     ;
+------+-------+----------+-------------------------------------------------------------+
; ci   ; Input ; Info     ; Stuck at GND                                                ;
+------+-------+----------+-------------------------------------------------------------+


+--------------------------------------------------------------------------------------------------------------------+
; Port Connectivity Checks: "kogge_stone_adder_subtractor:adder|kogge_stone:kogge|postprocessing:inst8"              ;
+----------+--------+----------+-------------------------------------------------------------------------------------+
; Port     ; Type   ; Severity ; Details                                                                             ;
+----------+--------+----------+-------------------------------------------------------------------------------------+
; c[15..1] ; Output ; Info     ; Connected to dangling logic. Logic that only feeds a dangling port will be removed. ;
+----------+--------+----------+-------------------------------------------------------------------------------------+


+-----------------------------------------------------+
; Post-Synthesis Netlist Statistics for Top Partition ;
+-----------------------+-----------------------------+
; Type                  ; Count                       ;
+-----------------------+-----------------------------+
; boundary_port         ; 53                          ;
; cycloneiii_lcell_comb ; 219                         ;
;     normal            ; 219                         ;
;         1 data inputs ; 1                           ;
;         2 data inputs ; 30                          ;
;         3 data inputs ; 18                          ;
;         4 data inputs ; 170                         ;
;                       ;                             ;
; Max LUT depth         ; 26.00                       ;
; Average LUT depth     ; 17.33                       ;
+-----------------------+-----------------------------+


+-------------------------------+
; Elapsed Time Per Partition    ;
+----------------+--------------+
; Partition Name ; Elapsed Time ;
+----------------+--------------+
; Top            ; 00:00:00     ;
+----------------+--------------+


+-------------------------------+
; Analysis & Synthesis Messages ;
+-------------------------------+
Info: *******************************************************************
Info: Running Quartus Prime Analysis & Synthesis
    Info: Version 18.1.0 Build 625 09/12/2018 SJ Lite Edition
    Info: Processing started: Sun Dec 01 13:42:40 2024
Info: Command: quartus_map --read_settings_files=on --write_settings_files=off ALU -c ALU
Warning (18236): Number of processors has not been specified which may cause overloading on shared machines.  Set the global assignment NUM_PARALLEL_PROCESSORS in your QSF to an appropriate value for best performance.
Info (20030): Parallel compilation is enabled and will use 10 of the 10 processors detected
Info (12021): Found 2 design units, including 1 entities, in source file 8_x_1_mux_16_bit.vhd
    Info (12022): Found design unit 1: mux_8x1_16bit-beh File: E:/Semester_3/Digital Systems/Project_Part_B/ALU/8_X_1_Mux_16_Bit.vhd Line: 11
    Info (12023): Found entity 1: mux_8x1_16bit File: E:/Semester_3/Digital Systems/Project_Part_B/ALU/8_X_1_Mux_16_Bit.vhd Line: 5
Info (12021): Found 2 design units, including 1 entities, in source file preprocessing.vhd
    Info (12022): Found design unit 1: preprocessing-behav File: E:/Semester_3/Digital Systems/Project_Part_B/ALU/preprocessing.vhd Line: 12
    Info (12023): Found entity 1: preprocessing File: E:/Semester_3/Digital Systems/Project_Part_B/ALU/preprocessing.vhd Line: 5
Info (12021): Found 2 design units, including 1 entities, in source file postprocessing.vhd
    Info (12022): Found design unit 1: postprocessing-behav File: E:/Semester_3/Digital Systems/Project_Part_B/ALU/postprocessing.vhd Line: 14
    Info (12023): Found entity 1: postprocessing File: E:/Semester_3/Digital Systems/Project_Part_B/ALU/postprocessing.vhd Line: 5
Info (12021): Found 2 design units, including 1 entities, in source file or_16.vhd
    Info (12022): Found design unit 1: OR_16-str File: E:/Semester_3/Digital Systems/Project_Part_B/ALU/Or_16.vhd Line: 10
    Info (12023): Found entity 1: OR_16 File: E:/Semester_3/Digital Systems/Project_Part_B/ALU/Or_16.vhd Line: 4
Info (12021): Found 2 design units, including 1 entities, in source file kogge_stone_node.vhd
    Info (12022): Found design unit 1: kogge_stone_node-struct File: E:/Semester_3/Digital Systems/Project_Part_B/ALU/kogge_stone_node.vhd Line: 12
    Info (12023): Found entity 1: kogge_stone_node File: E:/Semester_3/Digital Systems/Project_Part_B/ALU/kogge_stone_node.vhd Line: 5
Info (12021): Found 2 design units, including 1 entities, in source file kogge_stone_adder_subtractor.vhd
    Info (12022): Found design unit 1: kogge_stone_adder_subtractor-str File: E:/Semester_3/Digital Systems/Project_Part_B/ALU/Kogge_stone_adder_subtractor.vhd Line: 14
    Info (12023): Found entity 1: kogge_stone_adder_subtractor File: E:/Semester_3/Digital Systems/Project_Part_B/ALU/Kogge_stone_adder_subtractor.vhd Line: 5
Info (12021): Found 2 design units, including 1 entities, in source file kogge_stone.vhd
    Info (12022): Found design unit 1: kogge_stone-behav File: E:/Semester_3/Digital Systems/Project_Part_B/ALU/kogge_stone.vhd Line: 15
    Info (12023): Found entity 1: kogge_stone File: E:/Semester_3/Digital Systems/Project_Part_B/ALU/kogge_stone.vhd Line: 5
Info (12021): Found 2 design units, including 1 entities, in source file imp_16.vhd
    Info (12022): Found design unit 1: IMP_16-str File: E:/Semester_3/Digital Systems/Project_Part_B/ALU/Imp_16.vhd Line: 10
    Info (12023): Found entity 1: IMP_16 File: E:/Semester_3/Digital Systems/Project_Part_B/ALU/Imp_16.vhd Line: 4
Info (12021): Found 2 design units, including 1 entities, in source file full_adder.vhd
    Info (12022): Found design unit 1: Full_Adder-struct File: E:/Semester_3/Digital Systems/Project_Part_B/ALU/Full_Adder.vhd Line: 9
    Info (12023): Found entity 1: Full_Adder File: E:/Semester_3/Digital Systems/Project_Part_B/ALU/Full_Adder.vhd Line: 4
Info (12021): Found 2 design units, including 1 entities, in source file array_multiplier_node.vhd
    Info (12022): Found design unit 1: Array_Multiplier_Node-struct1 File: E:/Semester_3/Digital Systems/Project_Part_B/ALU/Array_Multiplier_Node.vhd Line: 10
    Info (12023): Found entity 1: Array_Multiplier_Node File: E:/Semester_3/Digital Systems/Project_Part_B/ALU/Array_Multiplier_Node.vhd Line: 4
Info (12021): Found 2 design units, including 1 entities, in source file array_multiplier.vhd
    Info (12022): Found design unit 1: Array_Multiplier-Struct2 File: E:/Semester_3/Digital Systems/Project_Part_B/ALU/Array_Multiplier.vhd Line: 10
    Info (12023): Found entity 1: Array_Multiplier File: E:/Semester_3/Digital Systems/Project_Part_B/ALU/Array_Multiplier.vhd Line: 4
Info (12021): Found 2 design units, including 1 entities, in source file and_16.vhd
    Info (12022): Found design unit 1: AND_16-str File: E:/Semester_3/Digital Systems/Project_Part_B/ALU/And_16.vhd Line: 10
    Info (12023): Found entity 1: AND_16 File: E:/Semester_3/Digital Systems/Project_Part_B/ALU/And_16.vhd Line: 4
Info (12021): Found 2 design units, including 1 entities, in source file alu.vhd
    Info (12022): Found design unit 1: ALU-str File: E:/Semester_3/Digital Systems/Project_Part_B/ALU/ALU.vhd Line: 11
    Info (12023): Found entity 1: ALU File: E:/Semester_3/Digital Systems/Project_Part_B/ALU/ALU.vhd Line: 4
Info (12021): Found 2 design units, including 1 entities, in source file alu_testbench.vhd
    Info (12022): Found design unit 1: ALU_testbench-str File: E:/Semester_3/Digital Systems/Project_Part_B/ALU/ALU_testbench.vhd Line: 8
    Info (12023): Found entity 1: ALU_testbench File: E:/Semester_3/Digital Systems/Project_Part_B/ALU/ALU_testbench.vhd Line: 5
Info (12127): Elaborating entity "ALU" for the top level hierarchy
Info (12128): Elaborating entity "kogge_stone_adder_subtractor" for hierarchy "kogge_stone_adder_subtractor:adder" File: E:/Semester_3/Digital Systems/Project_Part_B/ALU/ALU.vhd Line: 56
Info (12128): Elaborating entity "kogge_stone" for hierarchy "kogge_stone_adder_subtractor:adder|kogge_stone:kogge" File: E:/Semester_3/Digital Systems/Project_Part_B/ALU/Kogge_stone_adder_subtractor.vhd Line: 30
Info (12128): Elaborating entity "preprocessing" for hierarchy "kogge_stone_adder_subtractor:adder|kogge_stone:kogge|preprocessing:inst1" File: E:/Semester_3/Digital Systems/Project_Part_B/ALU/kogge_stone.vhd Line: 40
Info (12128): Elaborating entity "kogge_stone_node" for hierarchy "kogge_stone_adder_subtractor:adder|kogge_stone:kogge|kogge_stone_node:\inst4:1:inst4a" File: E:/Semester_3/Digital Systems/Project_Part_B/ALU/kogge_stone.vhd Line: 44
Info (12128): Elaborating entity "postprocessing" for hierarchy "kogge_stone_adder_subtractor:adder|kogge_stone:kogge|postprocessing:inst8" File: E:/Semester_3/Digital Systems/Project_Part_B/ALU/kogge_stone.vhd Line: 63
Info (12128): Elaborating entity "Array_Multiplier" for hierarchy "Array_Multiplier:multiplier" File: E:/Semester_3/Digital Systems/Project_Part_B/ALU/ALU.vhd Line: 57
Info (12128): Elaborating entity "Array_Multiplier_Node" for hierarchy "Array_Multiplier:multiplier|Array_Multiplier_Node:Node1_1" File: E:/Semester_3/Digital Systems/Project_Part_B/ALU/Array_Multiplier.vhd Line: 32
Info (12128): Elaborating entity "Full_Adder" for hierarchy "Array_Multiplier:multiplier|Array_Multiplier_Node:Node1_1|Full_Adder:instFA" File: E:/Semester_3/Digital Systems/Project_Part_B/ALU/Array_Multiplier_Node.vhd Line: 18
Info (12128): Elaborating entity "OR_16" for hierarchy "OR_16:or16" File: E:/Semester_3/Digital Systems/Project_Part_B/ALU/ALU.vhd Line: 61
Info (12128): Elaborating entity "AND_16" for hierarchy "AND_16:and16" File: E:/Semester_3/Digital Systems/Project_Part_B/ALU/ALU.vhd Line: 62
Info (12128): Elaborating entity "IMP_16" for hierarchy "IMP_16:imp16" File: E:/Semester_3/Digital Systems/Project_Part_B/ALU/ALU.vhd Line: 63
Info (12128): Elaborating entity "mux_8x1_16bit" for hierarchy "mux_8x1_16bit:mux" File: E:/Semester_3/Digital Systems/Project_Part_B/ALU/ALU.vhd Line: 64
Info (286030): Timing-Driven Synthesis is running
Info (16010): Generating hard_block partition "hard_block:auto_generated_inst"
    Info (16011): Adding 0 node(s), including 0 DDIO, 0 PLL, 0 transceiver and 0 LCELL
Info (21057): Implemented 271 device resources after synthesis - the final resource count might be different
    Info (21058): Implemented 35 input pins
    Info (21059): Implemented 18 output pins
    Info (21061): Implemented 218 logic cells
Info: Quartus Prime Analysis & Synthesis was successful. 0 errors, 1 warning
    Info: Peak virtual memory: 4796 megabytes
    Info: Processing ended: Sun Dec 01 13:42:47 2024
    Info: Elapsed time: 00:00:07
    Info: Total CPU time (on all processors): 00:00:03


